make.exe all --print-data-base --no-builtin-variables --no-builtin-rules --question
make: *** No rule to make target 'all'.  Stop.

# GNU Make 4.3
# Built for Windows32
# Copyright (C) 1988-2020 Free Software Foundation, Inc.
# License GPLv3+: GNU GPL version 3 or later <http://gnu.org/licenses/gpl.html>
# This is free software: you are free to change and redistribute it.
# There is NO WARRANTY, to the extent permitted by law.

# Make data base, printed on Wed May 18 20:28:52 2022

# Variables

# environment
SYSTEMDRIVE = C:
# environment
LC_ALL = C
# environment
USERPROFILE = C:\Users\david
# environment
VBOX_MSI_INSTALL_PATH = C:\Program Files\Oracle\VirtualBox\
# environment
LOCALAPPDATA = C:\Users\david\AppData\Local
# environment
VSCODE_IPC_HOOK_EXTHOST = \\.\pipe\vscode-ipc-7676e8a8-fce6-4239-87b4-c6de8f44e6da-sock
# environment
VSCODE_CWD = C:\Users\david\AppData\Local\Programs\Microsoft VS Code
# environment
CHOCOLATEYINSTALL = C:\ProgramData\chocolatey
# environment
SYSTEMROOT = C:\WINDOWS
# environment
PROCESSOR_LEVEL = 6
# environment
PSMODULEPATH = C:\Program Files\WindowsPowerShell\Modules;C:\WINDOWS\system32\WindowsPowerShell\v1.0\Modules
# default
MAKE_COMMAND := C:/ProgramData/chocolatey/lib/make/tools/install/bin/make.exe
# environment
HISTFILE = C:\Users\david\.bash_history
# environment
GOPATH = C:\Program Files\Go
# automatic
@D = $(patsubst %/,%,$(patsubst %\,%,$(dir $@)))
# environment
CHROME_CRASHPAD_PIPE_NAME = \\.\pipe\crashpad_26620_BDQRMJVWELBBWXLH
# environment
VSCODE_HANDLES_UNCAUGHT_ERRORS = true
# default
.VARIABLES := 
# automatic
%D = $(patsubst %/,%,$(patsubst %\,%,$(dir $%)))
# automatic
^D = $(patsubst %/,%,$(patsubst %\,%,$(dir $^)))
# environment
VSCODE_LOG_STACK = false
# automatic
%F = $(notdir $%)
# environment
VSCODE_CODE_CACHE_PATH = C:\Users\david\AppData\Roaming\Code\CachedData\c3511e6c69bb39013c4a4b7b9566ec1ca73fc4d5
# environment
LANG = C
# default
.LOADED := 
# environment
TMP = C:\Users\david\AppData\Local\Temp
# default
.INCLUDE_DIRS = .
# environment
PROCESSOR_ARCHITEW6432 = AMD64
# makefile
MAKEFLAGS = pqrR
# environment
ONEDRIVE = C:\Users\david\OneDrive
# makefile
CURDIR := c:/Users/david/Runestone
# environment
VSCODE_PIPE_LOGGING = true
# environment
APPLICATION_INSIGHTS_NO_DIAGNOSTIC_CHANNEL = 1
# automatic
*D = $(patsubst %/,%,$(patsubst %\,%,$(dir $*)))
# environment
PROGRAMFILES = C:\Program Files (x86)
# environment
MFLAGS = -pqrR
# default
.SHELLFLAGS := -c
# environment
COMMONPROGRAMW6432 = C:\Program Files\Common Files
# automatic
+D = $(patsubst %/,%,$(patsubst %\,%,$(dir $+)))
# makefile
MAKEFILE_LIST := 
# automatic
@F = $(notdir $@)
# environment
VSCODE_VERBOSE_LOGGING = true
# environment
VSCODE_PID = 26620
# automatic
?D = $(patsubst %/,%,$(patsubst %\,%,$(dir $?)))
# environment
POSH_THEMES_PATH = C:\Users\david\AppData\Local\Programs\oh-my-posh\themes
# environment
ONLINESERVICES = Online Services
# environment
GITHUB_ACCESS_TOKEN = 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
# automatic
*F = $(notdir $*)
# automatic
<D = $(patsubst %/,%,$(patsubst %\,%,$(dir $<)))
# environment
VSCODE_NLS_CONFIG = {"locale":"en-us","availableLanguages":{},"_languagePackSupport":true}
# environment
ONEDRIVECONSUMER = C:\Users\david\OneDrive
# default
MAKE_HOST := Windows32
# environment
PROGRAMDATA = C:\ProgramData
# default
SHELL := sh.exe
# environment
HOMEPATH = \Users\david
# default
MAKECMDGOALS := all
# environment
DRIVERDATA = C:\Windows\System32\Drivers\DriverData
# environment
COMSPEC = C:\WINDOWS\system32\cmd.exe
# environment
WEBSTORM = C:\Program Files\JetBrains\WebStorm\bin;
# environment
WINDIR = C:\WINDOWS
# environment
MAKELEVEL := 0
# default
MAKE = $(MAKE_COMMAND)
# environment
PATH = C:\tools\ruby31\bin;C:\Python310\Scripts\;C:\Python310\;C:\WINDOWS\system32;C:\WINDOWS;C:\WINDOWS\System32\Wbem;C:\WINDOWS\System32\WindowsPowerShell\v1.0\;C:\WINDOWS\System32\OpenSSH\;C:\Program Files\dotnet\;C:\Program Files\Pandoc\;C:\ProgramData\chocolatey\bin;C:\Program Files\nodejs\;C:\tools\gsudo\Current;C:\Program Files (x86)\gsudo\;C:\Program Files\Calibre2\;C:\Software\potrace;C:\Program Files\Git\cmd;C:\Program Files\Go\bin;C:\Program Files\GitHub CLI\;C:\Ruby31-x64\bin;C:\Users\david\AppData\Local\Microsoft\WindowsApps;C:\Users\david\AppData\Local\GitHubDesktop\bin;C:\Users\david\AppData\Local\Programs\Microsoft VS Code\bin;C:\Users\david\go\bin;C:\Users\david\writeas.exe;C:\Users\david\AppData\Roaming\npm;C:\Program Files\Oracle\VirtualBox;C:\tools\neovim\nvim-win64\bin;C:\Software\Hyper\resources\bin;C:\Software;C:\Users\david\AppData\Local\atom-beta\bin;C:\Program Files\JetBrains\WebStorm\bin;;C:\Users\david\AppData\Local\Programs\oh-my-posh\bin;C:\Python39;C:\Python310;C:\Ruby30-x6;C:\Ruby31-x64;C:\Software\potrace;C:\Users\david\.dotnet\tools;C:\Users\david\go\bin
# environment
ZES_ENABLE_SYSMAN = 1
# environment
COMPUTERNAME = HILDUR
# default
MAKEFILES := 
# automatic
^F = $(notdir $^)
# environment
PROMPT = $P$G
# environment
CHOCOLATEYLASTPATHUPDATE = 132954430290643188
# environment
LOGONSERVER = \\HILDUR
# environment
VSCODE_LOG_NATIVE = false
# environment
USERNAME = david
# environment
COMMONPROGRAMFILES = C:\Program Files (x86)\Common Files
# automatic
?F = $(notdir $?)
# environment
PROGRAMW6432 = C:\Program Files
# environment
PATHEXT = .COM;.EXE;.BAT;.CMD;.VBS;.VBE;.JS;.JSE;.WSF;.WSH;.MSC;.PY;.PYW;.RB;.RBW;.RB;.RBW
# automatic
+F = $(notdir $+)
# environment
ORIGINAL_XDG_CURRENT_DESKTOP = undefined
# environment
USERDOMAIN = HILDUR
# 'override' directive
GNUMAKEFLAGS := 
# environment
OS = Windows_NT
# environment
CLOUDCONVERT_API_KEY = eyJ0eXAiOiJKV1QiLCJhbGciOiJSUzI1NiJ9.eyJhdWQiOiIxIiwianRpIjoiYTExZjQwNWUzNWE5NmU5MTUzZjNhMjQyYTMxODQ5MzM1YjA1OWVhMjRjYTk1YjVmNmVjY2YzN2I0Yjc2ZTE2MzZiYjgyYTFhNWFjZDIzMTkiLCJpYXQiOjE2NTE1OTE5MDAuMjc5MzU4LCJuYmYiOjE2NTE1OTE5MDAuMjc5MzYsImV4cCI6NDgwNzI2NTUwMC4yNjY2NjQsInN1YiI6IjQ4ODQ4MjI1Iiwic2NvcGVzIjpbInVzZXIucmVhZCIsInVzZXIud3JpdGUiLCJ0YXNrLnJlYWQiLCJ0YXNrLndyaXRlIiwid2ViaG9vay5yZWFkIiwid2ViaG9vay53cml0ZSIsInByZXNldC5yZWFkIiwicHJlc2V0LndyaXRlIl19.HO7yZuvQOSCsUudWfW9T3kcvDJrS8YLO1zkuBMNTfxBufu-wNnotw8QjHIED8mj2FWiI_QiD8JluRIvVCHq7XOg6MkEompsHpksk6qqM4ANjZzz_HGKnJvxsCHkbmnV19bR2yk7LvQe8Tfv_7AYVNuHVaCCwMy05v0-ckdqCiAob1cdgxWyh13iakzS95q0Pd97Ez7noSHrUSjrtSER03B3z4-lup97XqpNfXJtZfjJsdzrdRdHzefEj4wGiYOxvrig25YRgDFct6ZqazUFTWLXkqaDN-IvwPeRiBAn4acMx31KkqaO9BiVTnngfS0R6HwgvQJr2AHup0qdJmyU6QDXGKGlgN4h3VUp1Boj1_4iNOzfajCan8-ibC-x9iLoMZ6X1JCtqQehJ2mjqi-vUYeDNJeOr5ms_3ODfOY2PLEpLZ4wPLsbXa9WZ2tX06fAcm5VzCddS0EDMVN_XwGAAd81Drgg_BQ7DvaLafwK-6hNfjpSi1OP4JziVUkGZdU-mENgifUN1UUH1MpGxmCfrzreEcrYqtL3pocFRh3B1GuZfitzh4CqYoBp2ngwhu23wVpeDv_YYSLIC55UOqTthBf6bXHPQZ8RalcZx9zhxbrK89Ya32rG4Ruxbd6SLfyLU7DMxBEa8kq2KQndcCtxDV3R9uM0aNhWufPIan8iXZxk
# makefile
.DEFAULT_GOAL := 
# default
MAKE_VERSION := 4.3
# environment
PLATFORMCODE = 1M
# environment
PROGRAMFILES(X86) = C:\Program Files (x86)
# environment
USERDOMAIN_ROAMINGPROFILE = HILDUR
# environment
NUMBER_OF_PROCESSORS = 12
# environment
PUBLIC = C:\Users\Public
# environment
ASL.LOG = Destination=file
# environment
APPDATA = C:\Users\david\AppData\Roaming
# environment
HOMEDRIVE = C:
# environment
PROCESSOR_ARCHITECTURE = x86
# environment
VSCODE_AMD_ENTRYPOINT = vs/workbench/api/node/extensionHostProcess
# environment
COMMONPROGRAMFILES(X86) = C:\Program Files (x86)\Common Files
# environment
ELECTRON_RUN_AS_NODE = 1
# environment
TEMP = C:\Users\david\AppData\Local\Temp
# environment
VSCODE_IPC_HOOK = \\.\pipe\c5a5aa94e51481269b11c9790932dfeb-1.67.2-main-sock
# default
.RECIPEPREFIX := 
# automatic
<F = $(notdir $<)
# default
SUFFIXES := 
# environment
ALLUSERSPROFILE = C:\ProgramData
# environment
SESSIONNAME = Console
# default
.FEATURES := target-specific order-only second-expansion else-if shortest-stem undefine oneshell nocomment grouped-target extra-prereqs archives jobserver output-sync load
# environment
REGIONCODE = NA
# environment
PROCESSOR_REVISION = 9e0a
# environment
CHOCOLATEYTOOLSLOCATION = C:\tools
# environment
PROCESSOR_IDENTIFIER = Intel64 Family 6 Model 158 Stepping 10, GenuineIntel
# variable set hash-table stats:
# Load=108/1024=11%, Rehash=0, Collisions=10/132=8%

# Pattern-specific Variable Values

# No pattern-specific variable values.

# Directories

# . (key c:/Users/david/Runestone, mtime 1652923732): 18 files, no impossibilities.

# 18 files, no impossibilities in 1 directories.

# Implicit Rules

# No implicit rules.

# Files

# Not a target:
Makefile:
#  Implicit rule search has been done.
#  File does not exist.
#  File has been updated.
#  Failed to be updated.

# Not a target:
.DEFAULT:
#  Implicit rule search has not been done.
#  Modification time never checked.
#  File has not been updated.

# Not a target:
all:
#  Command line target.
#  Implicit rule search has been done.
#  File does not exist.
#  File has not been updated.

# Not a target:
makefile:
#  Implicit rule search has been done.
#  File does not exist.
#  File has been updated.
#  Failed to be updated.

# Not a target:
makefile.mak:
#  Implicit rule search has been done.
#  File does not exist.
#  File has been updated.
#   
Failed to be updated.

# Not a target:
GNUmakefile:
#  Implicit rule search has been done.
#  File does not exist.
#  File has been updated.
#  Failed to be updated.

# files hash-table stats:
# Load=7/1024=1%, Rehash=0, Collisions=0/16=0%
# VPATH Search Paths

# No 'vpath' search paths.

# No general ('VPATH' variable) search path.

# strcache buffers: 1 (0) / strings = 25 / storage = 223 B / avg = 8 B
# current buf: size = 8174 B / used = 223 B / count = 25 / avg = 8 B

# strcache performance: lookups = 28 / hit rate = 10%
# hash-table stats:
# Load=25/8192=0%, Rehash=0, Collisions=0/28=0%
# Finished Make data base on Wed May 18 20:28:52 2022

 
